<?xml version="1.0" encoding="UTF-8"?>
<!-- Generated by org.testng.reporters.JUnitReportReporter -->
<testsuite hostname="Sandesh" failures="0" tests="4" name="demoProject.GetTitle" time="10.865" errors="0" timestamp="2023-01-29T18:32:55 IST" skipped="0">
  <testcase classname="demoProject.GetTitle" name="SubmitForm" time="7.914"/>
  <system-out/>
  <testcase classname="demoProject.GetTitle" name="OpenBookStoreApplication" time="2.949"/>
  <system-out/>
  <testcase classname="demoProject.GetTitle" name="PassedTestCase" time="0.001"/>
  <system-out/>
  <testcase classname="demoProject.GetTitle" name="FailedTestCase" time="0.001"/>
  <system-out/>
</testsuite> <!-- demoProject.GetTitle -->
